<?xml version="1.0" encoding="UTF-8"?>
<!-- Generated by org.testng.reporters.JUnitReportReporter -->
<testsuite hostname="XWHHWFH74" failures="0" tests="7" name="org.testingapi.Day01" time="2.246" errors="0" timestamp="2025-07-20T21:35:52 IST" skipped="6">
  <testcase classname="org.testingapi.Day01" name="deleteAPI" time="2.246"/>
  <testcase classname="org.testingapi.Day01" name="postdatas">
    <skipped/>
  </testcase> <!-- postdatas -->
  <testcase classname="org.testingapi.Day01" name="serialization">
    <skipped/>
  </testcase> <!-- serialization -->
  <testcase classname="org.testingapi.Day01" name="getAllEmployess">
    <skipped/>
  </testcase> <!-- getAllEmployess -->
  <testcase classname="org.testingapi.Day01" name="delete">
    <skipped/>
  </testcase> <!-- delete -->
  <testcase classname="org.testingapi.Day01" name="getdatas">
    <skipped/>
  </testcase> <!-- getdatas -->
  <testcase classname="org.testingapi.Day01" name="putUpdatedatas">
    <skipped/>
  </testcase> <!-- putUpdatedatas -->
</testsuite> <!-- org.testingapi.Day01 -->
